# JRE version: OpenJDK Runtime Environment (8.0_202-b03) (build 1.8.0_202-release-1483-b03)
# Java VM: OpenJDK 64-Bit Server VM (25.202-b03 mixed mode windows-amd64 compressed oops)
Heap:
 PSYoungGen      total 450048K, used 161712K [0x00000000e0000000, 0x0000000100000000, 0x0000000100000000)
  eden space 395264K, 33% used [0x00000000e0000000,0x00000000e827c098,0x00000000f8200000)
  from space 54784K, 51% used [0x00000000f8200000,0x00000000f9d70038,0x00000000fb780000)
  to   space 54784K, 0% used [0x00000000fca80000,0x00000000fca80000,0x0000000100000000)
 ParOldGen       total 197632K, used 83005K [0x00000000a0000000, 0x00000000ac100000, 0x00000000e0000000)
  object space 197632K, 41% used [0x00000000a0000000,0x00000000a510f5a8,0x00000000ac100000)
 Metaspace       used 87768K, capacity 91200K, committed 91480K, reserved 1128448K
  class space    used 11169K, capacity 11855K, committed 11904K, reserved 1048576K
GC Heap History (10 events):
Event: 163.182 GC heap before
{Heap before GC invocations=50 (full 5):
 PSYoungGen      total 398848K, used 380758K [0x00000000e0000000, 0x00000000f9c00000, 0x0000000100000000)
  eden space 380928K, 99% used [0x00000000e0000000,0x00000000f73d5ba8,0x00000000f7400000)
  from space 17920K, 0% used [0x00000000f8a80000,0x00000000f8a80000,0x00000000f9c00000)
  to   space 20480K, 0% used [0x00000000f7400000,0x00000000f7400000,0x00000000f8800000)
 ParOldGen       total 146944K, used 82184K [0x00000000a0000000, 0x00000000a8f80000, 0x00000000e0000000)
  object space 146944K, 55% used [0x00000000a0000000,0x00000000a50420e0,0x00000000a8f80000)
 Metaspace       used 81061K, capacity 84044K, committed 84184K, reserved 1122304K
  class space    used 10571K, capacity 11167K, committed 11264K, reserved 1048576K
Event: 163.209 GC heap after
Heap after GC invocations=50 (full 5):
 PSYoungGen      total 401408K, used 7982K [0x00000000e0000000, 0x00000000fca80000, 0x0000000100000000)
  eden space 380928K, 0% used [0x00000000e0000000,0x00000000e0000000,0x00000000f7400000)
  from space 20480K, 38% used [0x00000000f7400000,0x00000000f7bcbb98,0x00000000f8800000)
  to   space 19456K, 0% used [0x00000000fb780000,0x00000000fb780000,0x00000000fca80000)
 ParOldGen       total 146944K, used 82192K [0x00000000a0000000, 0x00000000a8f80000, 0x00000000e0000000)
  object space 146944K, 55% used [0x00000000a0000000,0x00000000a50440e0,0x00000000a8f80000)
 Metaspace       used 81061K, capacity 84044K, committed 84184K, reserved 1122304K
  class space    used 10571K, capacity 11167K, committed 11264K, reserved 1048576K
}
Event: 169.408 GC heap before
{Heap before GC invocations=51 (full 5):
 PSYoungGen      total 401408K, used 388910K [0x00000000e0000000, 0x00000000fca80000, 0x0000000100000000)
  eden space 380928K, 100% used [0x00000000e0000000,0x00000000f7400000,0x00000000f7400000)
  from space 20480K, 38% used [0x00000000f7400000,0x00000000f7bcbb98,0x00000000f8800000)
  to   space 19456K, 0% used [0x00000000fb780000,0x00000000fb780000,0x00000000fca80000)
 ParOldGen       total 146944K, used 82192K [0x00000000a0000000, 0x00000000a8f80000, 0x00000000e0000000)
  object space 146944K, 55% used [0x00000000a0000000,0x00000000a50440e0,0x00000000a8f80000)
 Metaspace       used 82138K, capacity 85232K, committed 85592K, reserved 1124352K
  class space    used 10681K, capacity 11303K, committed 11392K, reserved 1048576K
Event: 169.580 GC heap after
Heap after GC invocations=51 (full 5):
 PSYoungGen      total 414720K, used 19440K [0x00000000e0000000, 0x0000000100000000, 0x0000000100000000)
  eden space 395264K, 0% used [0x00000000e0000000,0x00000000e0000000,0x00000000f8200000)
  from space 19456K, 99% used [0x00000000fb780000,0x00000000fca7c0b0,0x00000000fca80000)
  to   space 54784K, 0% used [0x00000000f8200000,0x00000000f8200000,0x00000000fb780000)
 ParOldGen       total 168448K, used 168141K [0x00000000a0000000, 0x00000000aa480000, 0x00000000e0000000)
  object space 168448K, 99% used [0x00000000a0000000,0x00000000aa433710,0x00000000aa480000)
 Metaspace       used 82138K, capacity 85232K, committed 85592K, reserved 1124352K
  class space    used 10681K, capacity 11303K, committed 11392K, reserved 1048576K
}
Event: 169.580 GC heap before
{Heap before GC invocations=52 (full 6):
 PSYoungGen      total 414720K, used 19440K [0x00000000e0000000, 0x0000000100000000, 0x0000000100000000)
  eden space 395264K, 0% used [0x00000000e0000000,0x00000000e0000000,0x00000000f8200000)
  from space 19456K, 99% used [0x00000000fb780000,0x00000000fca7c0b0,0x00000000fca80000)
  to   space 54784K, 0% used [0x00000000f8200000,0x00000000f8200000,0x00000000fb780000)
 ParOldGen       total 168448K, used 168141K [0x00000000a0000000, 0x00000000aa480000, 0x00000000e0000000)
  object space 168448K, 99% used [0x00000000a0000000,0x00000000aa433710,0x00000000aa480000)
 Metaspace       used 82138K, capacity 85232K, committed 85592K, reserved 1124352K
  class space    used 10681K, capacity 11303K, committed 11392K, reserved 1048576K
Event: 170.275 GC heap after
Heap after GC invocations=52 (full 6):
 PSYoungGen      total 414720K, used 0K [0x00000000e0000000, 0x0000000100000000, 0x0000000100000000)
  eden space 395264K, 0% used [0x00000000e0000000,0x00000000e0000000,0x00000000f8200000)
  from space 19456K, 0% used [0x00000000fb780000,0x00000000fb780000,0x00000000fca80000)
  to   space 54784K, 0% used [0x00000000f8200000,0x00000000f8200000,0x00000000fb780000)
 ParOldGen       total 168448K, used 157472K [0x00000000a0000000, 0x00000000aa480000, 0x00000000e0000000)
  object space 168448K, 93% used [0x00000000a0000000,0x00000000a99c8180,0x00000000aa480000)
 Metaspace       used 82120K, capacity 85178K, committed 85592K, reserved 1124352K
  class space    used 10674K, capacity 11292K, committed 11392K, reserved 1048576K
}
Event: 187.297 GC heap before
{Heap before GC invocations=53 (full 7):
 PSYoungGen      total 414720K, used 395264K [0x00000000e0000000, 0x0000000100000000, 0x0000000100000000)
  eden space 395264K, 100% used [0x00000000e0000000,0x00000000f8200000,0x00000000f8200000)
  from space 19456K, 0% used [0x00000000fb780000,0x00000000fb780000,0x00000000fca80000)
  to   space 54784K, 0% used [0x00000000f8200000,0x00000000f8200000,0x00000000fb780000)
 ParOldGen       total 168448K, used 157472K [0x00000000a0000000, 0x00000000aa480000, 0x00000000e0000000)
  object space 168448K, 93% used [0x00000000a0000000,0x00000000a99c8180,0x00000000aa480000)
 Metaspace       used 82994K, capacity 86172K, committed 86488K, reserved 1124352K
  class space    used 10800K, capacity 11445K, committed 11520K, reserved 1048576K
Event: 187.526 GC heap after
Heap after GC invocations=53 (full 7):
 PSYoungGen      total 414720K, used 0K [0x00000000e0000000, 0x0000000100000000, 0x0000000100000000)
  eden space 395264K, 0% used [0x00000000e0000000,0x00000000e0000000,0x00000000f8200000)
  from space 19456K, 0% used [0x00000000fb780000,0x00000000fb780000,0x00000000fca80000)
  to   space 54784K, 0% used [0x00000000f8200000,0x00000000f8200000,0x00000000fb780000)
 ParOldGen       total 197632K, used 82997K [0x00000000a0000000, 0x00000000ac100000, 0x00000000e0000000)
  object space 197632K, 41% used [0x00000000a0000000,0x00000000a510d5a8,0x00000000ac100000)
 Metaspace       used 82994K, capacity 86172K, committed 86488K, reserved 1124352K
  class space    used 10800K, capacity 11445K, committed 11520K, reserved 1048576K
}
Event: 337.780 GC heap before
{Heap before GC invocations=54 (full 7):
 PSYoungGen      total 414720K, used 395264K [0x00000000e0000000, 0x0000000100000000, 0x0000000100000000)
  eden space 395264K, 100% used [0x00000000e0000000,0x00000000f8200000,0x00000000f8200000)
  from space 19456K, 0% used [0x00000000fb780000,0x00000000fb780000,0x00000000fca80000)
  to   space 54784K, 0% used [0x00000000f8200000,0x00000000f8200000,0x00000000fb780000)
 ParOldGen       total 197632K, used 82997K [0x00000000a0000000, 0x00000000ac100000, 0x00000000e0000000)
  object space 197632K, 41% used [0x00000000a0000000,0x00000000a510d5a8,0x00000000ac100000)
 Metaspace       used 87758K, capacity 91200K, committed 91480K, reserved 1128448K
  class space    used 11168K, capacity 11855K, committed 11904K, reserved 1048576K
Event: 337.819 GC heap after
Heap after GC invocations=54 (full 7):
 PSYoungGen      total 450048K, used 28096K [0x00000000e0000000, 0x0000000100000000, 0x0000000100000000)
  eden space 395264K, 0% used [0x00000000e0000000,0x00000000e0000000,0x00000000f8200000)
  from space 54784K, 51% used [0x00000000f8200000,0x00000000f9d70038,0x00000000fb780000)
  to   space 54784K, 0% used [0x00000000fca80000,0x00000000fca80000,0x0000000100000000)
 ParOldGen       total 197632K, used 83005K [0x00000000a0000000, 0x00000000ac100000, 0x00000000e0000000)
  object space 197632K, 41% used [0x00000000a0000000,0x00000000a510f5a8,0x00000000ac100000)
 Metaspace       used 87758K, capacity 91200K, committed 91480K, reserved 1128448K
  class space    used 11168K, capacity 11855K, committed 11904K, reserved 1048576K
}

