# JRE version: OpenJDK Runtime Environment (8.0_202-b03) (build 1.8.0_202-release-1483-b03)
# Java VM: OpenJDK 64-Bit Server VM (25.202-b03 mixed mode windows-amd64 compressed oops)
Heap:
 PSYoungGen      total 66560K, used 19885K [0x00000000e0000000, 0x00000000e4a00000, 0x0000000100000000)
  eden space 60416K, 22% used [0x00000000e0000000,0x00000000e0d73540,0x00000000e3b00000)
  from space 6144K, 99% used [0x00000000e4200000,0x00000000e47f8230,0x00000000e4800000)
  to   space 7168K, 0% used [0x00000000e3b00000,0x00000000e3b00000,0x00000000e4200000)
 ParOldGen       total 40960K, used 6142K [0x00000000a0000000, 0x00000000a2800000, 0x00000000e0000000)
  object space 40960K, 14% used [0x00000000a0000000,0x00000000a05ffa38,0x00000000a2800000)
 Metaspace       used 17298K, capacity 17700K, committed 18048K, reserved 1064960K
  class space    used 2499K, capacity 2638K, committed 2688K, reserved 1048576K
GC Heap History (10 events):
Event: 1.000 GC heap before
{Heap before GC invocations=2 (full 0):
 PSYoungGen      total 17920K, used 17910K [0x00000000e0000000, 0x00000000e1400000, 0x0000000100000000)
  eden space 15360K, 100% used [0x00000000e0000000,0x00000000e0f00000,0x00000000e0f00000)
  from space 2560K, 99% used [0x00000000e0f00000,0x00000000e117db78,0x00000000e1180000)
  to   space 2560K, 0% used [0x00000000e1180000,0x00000000e1180000,0x00000000e1400000)
 ParOldGen       total 40960K, used 172K [0x00000000a0000000, 0x00000000a2800000, 0x00000000e0000000)
  object space 40960K, 0% used [0x00000000a0000000,0x00000000a002b100,0x00000000a2800000)
 Metaspace       used 6666K, capacity 6848K, committed 7040K, reserved 1056768K
  class space    used 811K, capacity 844K, committed 896K, reserved 1048576K
Event: 1.004 GC heap after
Heap after GC invocations=2 (full 0):
 PSYoungGen      total 17920K, used 2550K [0x00000000e0000000, 0x00000000e1400000, 0x0000000100000000)
  eden space 15360K, 0% used [0x00000000e0000000,0x00000000e0000000,0x00000000e0f00000)
  from space 2560K, 99% used [0x00000000e1180000,0x00000000e13fd940,0x00000000e1400000)
  to   space 2560K, 0% used [0x00000000e0f00000,0x00000000e0f00000,0x00000000e1180000)
 ParOldGen       total 40960K, used 333K [0x00000000a0000000, 0x00000000a2800000, 0x00000000e0000000)
  object space 40960K, 0% used [0x00000000a0000000,0x00000000a0053550,0x00000000a2800000)
 Metaspace       used 6666K, capacity 6848K, committed 7040K, reserved 1056768K
  class space    used 811K, capacity 844K, committed 896K, reserved 1048576K
}
Event: 1.217 GC heap before
{Heap before GC invocations=3 (full 0):
 PSYoungGen      total 17920K, used 17910K [0x00000000e0000000, 0x00000000e1400000, 0x0000000100000000)
  eden space 15360K, 100% used [0x00000000e0000000,0x00000000e0f00000,0x00000000e0f00000)
  from space 2560K, 99% used [0x00000000e1180000,0x00000000e13fd940,0x00000000e1400000)
  to   space 2560K, 0% used [0x00000000e0f00000,0x00000000e0f00000,0x00000000e1180000)
 ParOldGen       total 40960K, used 333K [0x00000000a0000000, 0x00000000a2800000, 0x00000000e0000000)
  object space 40960K, 0% used [0x00000000a0000000,0x00000000a0053550,0x00000000a2800000)
 Metaspace       used 6967K, capacity 7194K, committed 7424K, reserved 1056768K
  class space    used 867K, capacity 917K, committed 1024K, reserved 1048576K
Event: 1.220 GC heap after
Heap after GC invocations=3 (full 0):
 PSYoungGen      total 17920K, used 2537K [0x00000000e0000000, 0x00000000e2300000, 0x0000000100000000)
  eden space 15360K, 0% used [0x00000000e0000000,0x00000000e0000000,0x00000000e0f00000)
  from space 2560K, 99% used [0x00000000e0f00000,0x00000000e117a430,0x00000000e1180000)
  to   space 2560K, 0% used [0x00000000e2080000,0x00000000e2080000,0x00000000e2300000)
 ParOldGen       total 40960K, used 743K [0x00000000a0000000, 0x00000000a2800000, 0x00000000e0000000)
  object space 40960K, 1% used [0x00000000a0000000,0x00000000a00b9d30,0x00000000a2800000)
 Metaspace       used 6967K, capacity 7194K, committed 7424K, reserved 1056768K
  class space    used 867K, capacity 917K, committed 1024K, reserved 1048576K
}
Event: 1.426 GC heap before
{Heap before GC invocations=4 (full 0):
 PSYoungGen      total 17920K, used 17897K [0x00000000e0000000, 0x00000000e2300000, 0x0000000100000000)
  eden space 15360K, 100% used [0x00000000e0000000,0x00000000e0f00000,0x00000000e0f00000)
  from space 2560K, 99% used [0x00000000e0f00000,0x00000000e117a430,0x00000000e1180000)
  to   space 2560K, 0% used [0x00000000e2080000,0x00000000e2080000,0x00000000e2300000)
 ParOldGen       total 40960K, used 743K [0x00000000a0000000, 0x00000000a2800000, 0x00000000e0000000)
  object space 40960K, 1% used [0x00000000a0000000,0x00000000a00b9d30,0x00000000a2800000)
 Metaspace       used 9359K, capacity 9678K, committed 9856K, reserved 1058816K
  class space    used 1249K, capacity 1357K, committed 1408K, reserved 1048576K
Event: 1.430 GC heap after
Heap after GC invocations=4 (full 0):
 PSYoungGen      total 33280K, used 2528K [0x00000000e0000000, 0x00000000e2300000, 0x0000000100000000)
  eden space 30720K, 0% used [0x00000000e0000000,0x00000000e0000000,0x00000000e1e00000)
  from space 2560K, 98% used [0x00000000e2080000,0x00000000e22f8020,0x00000000e2300000)
  to   space 2560K, 0% used [0x00000000e1e00000,0x00000000e1e00000,0x00000000e2080000)
 ParOldGen       total 40960K, used 2282K [0x00000000a0000000, 0x00000000a2800000, 0x00000000e0000000)
  object space 40960K, 5% used [0x00000000a0000000,0x00000000a023ab30,0x00000000a2800000)
 Metaspace       used 9359K, capacity 9678K, committed 9856K, reserved 1058816K
  class space    used 1249K, capacity 1357K, committed 1408K, reserved 1048576K
}
Event: 2.337 GC heap before
{Heap before GC invocations=5 (full 0):
 PSYoungGen      total 33280K, used 33248K [0x00000000e0000000, 0x00000000e2300000, 0x0000000100000000)
  eden space 30720K, 100% used [0x00000000e0000000,0x00000000e1e00000,0x00000000e1e00000)
  from space 2560K, 98% used [0x00000000e2080000,0x00000000e22f8020,0x00000000e2300000)
  to   space 2560K, 0% used [0x00000000e1e00000,0x00000000e1e00000,0x00000000e2080000)
 ParOldGen       total 40960K, used 2282K [0x00000000a0000000, 0x00000000a2800000, 0x00000000e0000000)
  object space 40960K, 5% used [0x00000000a0000000,0x00000000a023ab30,0x00000000a2800000)
 Metaspace       used 13647K, capacity 14036K, committed 14336K, reserved 1060864K
  class space    used 1878K, capacity 1988K, committed 2048K, reserved 1048576K
Event: 2.345 GC heap after
Heap after GC invocations=5 (full 0):
 PSYoungGen      total 33280K, used 2544K [0x00000000e0000000, 0x00000000e4800000, 0x0000000100000000)
  eden space 30720K, 0% used [0x00000000e0000000,0x00000000e0000000,0x00000000e1e00000)
  from space 2560K, 99% used [0x00000000e1e00000,0x00000000e207c010,0x00000000e2080000)
  to   space 6144K, 0% used [0x00000000e4200000,0x00000000e4200000,0x00000000e4800000)
 ParOldGen       total 40960K, used 5951K [0x00000000a0000000, 0x00000000a2800000, 0x00000000e0000000)
  object space 40960K, 14% used [0x00000000a0000000,0x00000000a05cff28,0x00000000a2800000)
 Metaspace       used 13647K, capacity 14036K, committed 14336K, reserved 1060864K
  class space    used 1878K, capacity 1988K, committed 2048K, reserved 1048576K
}
Event: 2.789 GC heap before
{Heap before GC invocations=6 (full 0):
 PSYoungGen      total 33280K, used 33264K [0x00000000e0000000, 0x00000000e4800000, 0x0000000100000000)
  eden space 30720K, 100% used [0x00000000e0000000,0x00000000e1e00000,0x00000000e1e00000)
  from space 2560K, 99% used [0x00000000e1e00000,0x00000000e207c010,0x00000000e2080000)
  to   space 6144K, 0% used [0x00000000e4200000,0x00000000e4200000,0x00000000e4800000)
 ParOldGen       total 40960K, used 5951K [0x00000000a0000000, 0x00000000a2800000, 0x00000000e0000000)
  object space 40960K, 14% used [0x00000000a0000000,0x00000000a05cff28,0x00000000a2800000)
 Metaspace       used 16280K, capacity 16708K, committed 16896K, reserved 1062912K
  class space    used 2320K, capacity 2478K, committed 2560K, reserved 1048576K
Event: 2.802 GC heap after
Heap after GC invocations=6 (full 0):
 PSYoungGen      total 66560K, used 6112K [0x00000000e0000000, 0x00000000e4a00000, 0x0000000100000000)
  eden space 60416K, 0% used [0x00000000e0000000,0x00000000e0000000,0x00000000e3b00000)
  from space 6144K, 99% used [0x00000000e4200000,0x00000000e47f8230,0x00000000e4800000)
  to   space 7168K, 0% used [0x00000000e3b00000,0x00000000e3b00000,0x00000000e4200000)
 ParOldGen       total 40960K, used 6142K [0x00000000a0000000, 0x00000000a2800000, 0x00000000e0000000)
  object space 40960K, 14% used [0x00000000a0000000,0x00000000a05ffa38,0x00000000a2800000)
 Metaspace       used 16280K, capacity 16708K, committed 16896K, reserved 1062912K
  class space    used 2320K, capacity 2478K, committed 2560K, reserved 1048576K
}

