# JRE version: OpenJDK Runtime Environment (8.0_202-b03) (build 1.8.0_202-release-1483-b03)
# Java VM: OpenJDK 64-Bit Server VM (25.202-b03 mixed mode windows-amd64 compressed oops)
Heap:
 PSYoungGen      total 482816K, used 77279K [0x00000000e0000000, 0x00000000ffc80000, 0x0000000100000000)
  eden space 449024K, 12% used [0x00000000e0000000,0x00000000e380ff90,0x00000000fb680000)
  from space 33792K, 58% used [0x00000000fdb80000,0x00000000feee7e28,0x00000000ffc80000)
  to   space 35840K, 0% used [0x00000000fb680000,0x00000000fb680000,0x00000000fd980000)
 ParOldGen       total 126976K, used 109427K [0x00000000a0000000, 0x00000000a7c00000, 0x00000000e0000000)
  object space 126976K, 86% used [0x00000000a0000000,0x00000000a6adcdc0,0x00000000a7c00000)
 Metaspace       used 92868K, capacity 96406K, committed 96856K, reserved 1134592K
  class space    used 11867K, capacity 12563K, committed 12672K, reserved 1048576K
GC Heap History (10 events):
Event: 6775.545 GC heap before
{Heap before GC invocations=145 (full 10):
 PSYoungGen      total 429568K, used 413604K [0x00000000e0000000, 0x00000000fca80000, 0x0000000100000000)
  eden space 389632K, 100% used [0x00000000e0000000,0x00000000f7c80000,0x00000000f7c80000)
  from space 39936K, 60% used [0x00000000fa380000,0x00000000fbae9070,0x00000000fca80000)
  to   space 39936K, 0% used [0x00000000f7c80000,0x00000000f7c80000,0x00000000fa380000)
 ParOldGen       total 126976K, used 102536K [0x00000000a0000000, 0x00000000a7c00000, 0x00000000e0000000)
  object space 126976K, 80% used [0x00000000a0000000,0x00000000a6422030,0x00000000a7c00000)
 Metaspace       used 92826K, capacity 96342K, committed 96856K, reserved 1134592K
  class space    used 11867K, capacity 12563K, committed 12672K, reserved 1048576K
Event: 6775.581 GC heap after
Heap after GC invocations=145 (full 10):
 PSYoungGen      total 429568K, used 21285K [0x00000000e0000000, 0x00000000fe600000, 0x0000000100000000)
  eden space 389632K, 0% used [0x00000000e0000000,0x00000000e0000000,0x00000000f7c80000)
  from space 39936K, 53% used [0x00000000f7c80000,0x00000000f9149470,0x00000000fa380000)
  to   space 38400K, 0% used [0x00000000fc080000,0x00000000fc080000,0x00000000fe600000)
 ParOldGen       total 126976K, used 108815K [0x00000000a0000000, 0x00000000a7c00000, 0x00000000e0000000)
  object space 126976K, 85% used [0x00000000a0000000,0x00000000a6a43db0,0x00000000a7c00000)
 Metaspace       used 92826K, capacity 96342K, committed 96856K, reserved 1134592K
  class space    used 11867K, capacity 12563K, committed 12672K, reserved 1048576K
}
Event: 6776.598 GC heap before
{Heap before GC invocations=146 (full 10):
 PSYoungGen      total 429568K, used 410917K [0x00000000e0000000, 0x00000000fe600000, 0x0000000100000000)
  eden space 389632K, 100% used [0x00000000e0000000,0x00000000f7c80000,0x00000000f7c80000)
  from space 39936K, 53% used [0x00000000f7c80000,0x00000000f9149470,0x00000000fa380000)
  to   space 38400K, 0% used [0x00000000fc080000,0x00000000fc080000,0x00000000fe600000)
 ParOldGen       total 126976K, used 108815K [0x00000000a0000000, 0x00000000a7c00000, 0x00000000e0000000)
  object space 126976K, 85% used [0x00000000a0000000,0x00000000a6a43db0,0x00000000a7c00000)
 Metaspace       used 92849K, capacity 96406K, committed 96856K, reserved 1134592K
  class space    used 11867K, capacity 12563K, committed 12672K, reserved 1048576K
Event: 6776.608 GC heap after
Heap after GC invocations=146 (full 10):
 PSYoungGen      total 455168K, used 2969K [0x00000000e0000000, 0x00000000fe600000, 0x0000000100000000)
  eden space 416768K, 0% used [0x00000000e0000000,0x00000000e0000000,0x00000000f9700000)
  from space 38400K, 7% used [0x00000000fc080000,0x00000000fc366758,0x00000000fe600000)
  to   space 40448K, 0% used [0x00000000f9700000,0x00000000f9700000,0x00000000fbe80000)
 ParOldGen       total 126976K, used 109135K [0x00000000a0000000, 0x00000000a7c00000, 0x00000000e0000000)
  object space 126976K, 85% used [0x00000000a0000000,0x00000000a6a93db0,0x00000000a7c00000)
 Metaspace       used 92849K, capacity 96406K, committed 96856K, reserved 1134592K
  class space    used 11867K, capacity 12563K, committed 12672K, reserved 1048576K
}
Event: 6777.208 GC heap before
{Heap before GC invocations=147 (full 10):
 PSYoungGen      total 455168K, used 419737K [0x00000000e0000000, 0x00000000fe600000, 0x0000000100000000)
  eden space 416768K, 100% used [0x00000000e0000000,0x00000000f9700000,0x00000000f9700000)
  from space 38400K, 7% used [0x00000000fc080000,0x00000000fc366758,0x00000000fe600000)
  to   space 40448K, 0% used [0x00000000f9700000,0x00000000f9700000,0x00000000fbe80000)
 ParOldGen       total 126976K, used 109135K [0x00000000a0000000, 0x00000000a7c00000, 0x00000000e0000000)
  object space 126976K, 85% used [0x00000000a0000000,0x00000000a6a93db0,0x00000000a7c00000)
 Metaspace       used 92856K, capacity 96406K, committed 96856K, reserved 1134592K
  class space    used 11867K, capacity 12563K, committed 12672K, reserved 1048576K
Event: 6777.236 GC heap after
Heap after GC invocations=147 (full 10):
 PSYoungGen      total 457216K, used 14194K [0x00000000e0000000, 0x0000000100000000, 0x0000000100000000)
  eden space 416768K, 0% used [0x00000000e0000000,0x00000000e0000000,0x00000000f9700000)
  from space 40448K, 35% used [0x00000000f9700000,0x00000000fa4dcb20,0x00000000fbe80000)
  to   space 39424K, 0% used [0x00000000fd980000,0x00000000fd980000,0x0000000100000000)
 ParOldGen       total 126976K, used 109231K [0x00000000a0000000, 0x00000000a7c00000, 0x00000000e0000000)
  object space 126976K, 86% used [0x00000000a0000000,0x00000000a6aabdb0,0x00000000a7c00000)
 Metaspace       used 92856K, capacity 96406K, committed 96856K, reserved 1134592K
  class space    used 11867K, capacity 12563K, committed 12672K, reserved 1048576K
}
Event: 6777.863 GC heap before
{Heap before GC invocations=148 (full 10):
 PSYoungGen      total 457216K, used 430962K [0x00000000e0000000, 0x0000000100000000, 0x0000000100000000)
  eden space 416768K, 100% used [0x00000000e0000000,0x00000000f9700000,0x00000000f9700000)
  from space 40448K, 35% used [0x00000000f9700000,0x00000000fa4dcb20,0x00000000fbe80000)
  to   space 39424K, 0% used [0x00000000fd980000,0x00000000fd980000,0x0000000100000000)
 ParOldGen       total 126976K, used 109231K [0x00000000a0000000, 0x00000000a7c00000, 0x00000000e0000000)
  object space 126976K, 86% used [0x00000000a0000000,0x00000000a6aabdb0,0x00000000a7c00000)
 Metaspace       used 92858K, capacity 96406K, committed 96856K, reserved 1134592K
  class space    used 11867K, capacity 12563K, committed 12672K, reserved 1048576K
Event: 6777.893 GC heap after
Heap after GC invocations=148 (full 10):
 PSYoungGen      total 479744K, used 17097K [0x00000000e0000000, 0x00000000ffc00000, 0x0000000100000000)
  eden space 444416K, 0% used [0x00000000e0000000,0x00000000e0000000,0x00000000fb200000)
  from space 35328K, 48% used [0x00000000fd980000,0x00000000fea32518,0x00000000ffc00000)
  to   space 37888K, 0% used [0x00000000fb200000,0x00000000fb200000,0x00000000fd700000)
 ParOldGen       total 126976K, used 109299K [0x00000000a0000000, 0x00000000a7c00000, 0x00000000e0000000)
  object space 126976K, 86% used [0x00000000a0000000,0x00000000a6abcdc0,0x00000000a7c00000)
 Metaspace       used 92858K, capacity 96406K, committed 96856K, reserved 1134592K
  class space    used 11867K, capacity 12563K, committed 12672K, reserved 1048576K
}
Event: 6778.494 GC heap before
{Heap before GC invocations=149 (full 10):
 PSYoungGen      total 479744K, used 461513K [0x00000000e0000000, 0x00000000ffc00000, 0x0000000100000000)
  eden space 444416K, 100% used [0x00000000e0000000,0x00000000fb200000,0x00000000fb200000)
  from space 35328K, 48% used [0x00000000fd980000,0x00000000fea32518,0x00000000ffc00000)
  to   space 37888K, 0% used [0x00000000fb200000,0x00000000fb200000,0x00000000fd700000)
 ParOldGen       total 126976K, used 109299K [0x00000000a0000000, 0x00000000a7c00000, 0x00000000e0000000)
  object space 126976K, 86% used [0x00000000a0000000,0x00000000a6abcdc0,0x00000000a7c00000)
 Metaspace       used 92859K, capacity 96406K, committed 96856K, reserved 1134592K
  class space    used 11867K, capacity 12563K, committed 12672K, reserved 1048576K
Event: 6778.534 GC heap after
Heap after GC invocations=149 (full 10):
 PSYoungGen      total 482304K, used 23322K [0x00000000e0000000, 0x0000000100000000, 0x0000000100000000)
  eden space 444416K, 0% used [0x00000000e0000000,0x00000000e0000000,0x00000000fb200000)
  from space 37888K, 61% used [0x00000000fb200000,0x00000000fc8c6a18,0x00000000fd700000)
  to   space 37376K, 0% used [0x00000000fdb80000,0x00000000fdb80000,0x0000000100000000)
 ParOldGen       total 126976K, used 109363K [0x00000000a0000000, 0x00000000a7c00000, 0x00000000e0000000)
  object space 126976K, 86% used [0x00000000a0000000,0x00000000a6accdc0,0x00000000a7c00000)
 Metaspace       used 92859K, capacity 96406K, committed 96856K, reserved 1134592K
  class space    used 11867K, capacity 12563K, committed 12672K, reserved 1048576K
}

