# JRE version: OpenJDK Runtime Environment (8.0_202-b03) (build 1.8.0_202-release-1483-b03)
# Java VM: OpenJDK 64-Bit Server VM (25.202-b03 mixed mode windows-amd64 compressed oops)
Heap:
 PSYoungGen      total 30720K, used 12561K [0x00000000e0000000, 0x00000000e2680000, 0x0000000100000000)
  eden space 23040K, 47% used [0x00000000e0000000,0x00000000e0aac418,0x00000000e1680000)
  from space 7680K, 21% used [0x00000000e1e00000,0x00000000e1f98000,0x00000000e2580000)
  to   space 7680K, 0% used [0x00000000e1680000,0x00000000e1680000,0x00000000e1e00000)
 ParOldGen       total 34304K, used 25951K [0x00000000a0000000, 0x00000000a2180000, 0x00000000e0000000)
  object space 34304K, 75% used [0x00000000a0000000,0x00000000a1957eb0,0x00000000a2180000)
 Metaspace       used 46129K, capacity 47246K, committed 47576K, reserved 1089536K
  class space    used 6249K, capacity 6552K, committed 6656K, reserved 1048576K
GC Heap History (10 events):
Event: 97.573 GC heap before
{Heap before GC invocations=26 (full 2):
 PSYoungGen      total 25088K, used 25008K [0x00000000e0000000, 0x00000000e1f00000, 0x0000000100000000)
  eden space 21504K, 100% used [0x00000000e0000000,0x00000000e1500000,0x00000000e1500000)
  from space 3584K, 97% used [0x00000000e1580000,0x00000000e18ec328,0x00000000e1900000)
  to   space 5120K, 0% used [0x00000000e1a00000,0x00000000e1a00000,0x00000000e1f00000)
 ParOldGen       total 34304K, used 16108K [0x00000000a0000000, 0x00000000a2180000, 0x00000000e0000000)
  object space 34304K, 46% used [0x00000000a0000000,0x00000000a0fbb190,0x00000000a2180000)
 Metaspace       used 40924K, capacity 41768K, committed 42072K, reserved 1085440K
  class space    used 5549K, capacity 5736K, committed 5760K, reserved 1048576K
Event: 97.578 GC heap after
Heap after GC invocations=26 (full 2):
 PSYoungGen      total 25600K, used 3832K [0x00000000e0000000, 0x00000000e1e80000, 0x0000000100000000)
  eden space 20992K, 0% used [0x00000000e0000000,0x00000000e0000000,0x00000000e1480000)
  from space 4608K, 83% used [0x00000000e1a00000,0x00000000e1dbe380,0x00000000e1e80000)
  to   space 5120K, 0% used [0x00000000e1480000,0x00000000e1480000,0x00000000e1980000)
 ParOldGen       total 34304K, used 16108K [0x00000000a0000000, 0x00000000a2180000, 0x00000000e0000000)
  object space 34304K, 46% used [0x00000000a0000000,0x00000000a0fbb190,0x00000000a2180000)
 Metaspace       used 40924K, capacity 41768K, committed 42072K, reserved 1085440K
  class space    used 5549K, capacity 5736K, committed 5760K, reserved 1048576K
}
Event: 98.801 GC heap before
{Heap before GC invocations=27 (full 2):
 PSYoungGen      total 25600K, used 24824K [0x00000000e0000000, 0x00000000e1e80000, 0x0000000100000000)
  eden space 20992K, 100% used [0x00000000e0000000,0x00000000e1480000,0x00000000e1480000)
  from space 4608K, 83% used [0x00000000e1a00000,0x00000000e1dbe380,0x00000000e1e80000)
  to   space 5120K, 0% used [0x00000000e1480000,0x00000000e1480000,0x00000000e1980000)
 ParOldGen       total 34304K, used 16108K [0x00000000a0000000, 0x00000000a2180000, 0x00000000e0000000)
  object space 34304K, 46% used [0x00000000a0000000,0x00000000a0fbb190,0x00000000a2180000)
 Metaspace       used 42407K, capacity 43218K, committed 43352K, reserved 1087488K
  class space    used 5748K, capacity 5981K, committed 6016K, reserved 1048576K
Event: 98.811 GC heap after
Heap after GC invocations=27 (full 2):
 PSYoungGen      total 25600K, used 5101K [0x00000000e0000000, 0x00000000e2000000, 0x0000000100000000)
  eden space 20480K, 0% used [0x00000000e0000000,0x00000000e0000000,0x00000000e1400000)
  from space 5120K, 99% used [0x00000000e1480000,0x00000000e197b7e0,0x00000000e1980000)
  to   space 6144K, 0% used [0x00000000e1a00000,0x00000000e1a00000,0x00000000e2000000)
 ParOldGen       total 34304K, used 17730K [0x00000000a0000000, 0x00000000a2180000, 0x00000000e0000000)
  object space 34304K, 51% used [0x00000000a0000000,0x00000000a1150b28,0x00000000a2180000)
 Metaspace       used 42407K, capacity 43218K, committed 43352K, reserved 1087488K
  class space    used 5748K, capacity 5981K, committed 6016K, reserved 1048576K
}
Event: 100.124 GC heap before
{Heap before GC invocations=28 (full 2):
 PSYoungGen      total 25600K, used 25578K [0x00000000e0000000, 0x00000000e2000000, 0x0000000100000000)
  eden space 20480K, 99% used [0x00000000e0000000,0x00000000e13ff168,0x00000000e1400000)
  from space 5120K, 99% used [0x00000000e1480000,0x00000000e197b7e0,0x00000000e1980000)
  to   space 6144K, 0% used [0x00000000e1a00000,0x00000000e1a00000,0x00000000e2000000)
 ParOldGen       total 34304K, used 17730K [0x00000000a0000000, 0x00000000a2180000, 0x00000000e0000000)
  object space 34304K, 51% used [0x00000000a0000000,0x00000000a1150b28,0x00000000a2180000)
 Metaspace       used 44126K, capacity 44982K, committed 45400K, reserved 1089536K
  class space    used 5968K, capacity 6179K, committed 6272K, reserved 1048576K
Event: 100.139 GC heap after
Heap after GC invocations=28 (full 2):
 PSYoungGen      total 25088K, used 6137K [0x00000000e0000000, 0x00000000e2680000, 0x0000000100000000)
  eden space 18944K, 0% used [0x00000000e0000000,0x00000000e0000000,0x00000000e1280000)
  from space 6144K, 99% used [0x00000000e1a00000,0x00000000e1ffe5a8,0x00000000e2000000)
  to   space 7680K, 0% used [0x00000000e1280000,0x00000000e1280000,0x00000000e1a00000)
 ParOldGen       total 34304K, used 19646K [0x00000000a0000000, 0x00000000a2180000, 0x00000000e0000000)
  object space 34304K, 57% used [0x00000000a0000000,0x00000000a132f9d8,0x00000000a2180000)
 Metaspace       used 44126K, capacity 44982K, committed 45400K, reserved 1089536K
  class space    used 5968K, capacity 6179K, committed 6272K, reserved 1048576K
}
Event: 100.817 GC heap before
{Heap before GC invocations=29 (full 2):
 PSYoungGen      total 25088K, used 25081K [0x00000000e0000000, 0x00000000e2680000, 0x0000000100000000)
  eden space 18944K, 100% used [0x00000000e0000000,0x00000000e1280000,0x00000000e1280000)
  from space 6144K, 99% used [0x00000000e1a00000,0x00000000e1ffe5a8,0x00000000e2000000)
  to   space 7680K, 0% used [0x00000000e1280000,0x00000000e1280000,0x00000000e1a00000)
 ParOldGen       total 34304K, used 19646K [0x00000000a0000000, 0x00000000a2180000, 0x00000000e0000000)
  object space 34304K, 57% used [0x00000000a0000000,0x00000000a132f9d8,0x00000000a2180000)
 Metaspace       used 45250K, capacity 46212K, committed 46552K, reserved 1089536K
  class space    used 6109K, capacity 6368K, committed 6400K, reserved 1048576K
Event: 100.827 GC heap after
Heap after GC invocations=29 (full 2):
 PSYoungGen      total 26624K, used 3738K [0x00000000e0000000, 0x00000000e2580000, 0x0000000100000000)
  eden space 18944K, 0% used [0x00000000e0000000,0x00000000e0000000,0x00000000e1280000)
  from space 7680K, 48% used [0x00000000e1280000,0x00000000e1626b50,0x00000000e1a00000)
  to   space 7680K, 0% used [0x00000000e1e00000,0x00000000e1e00000,0x00000000e2580000)
 ParOldGen       total 34304K, used 23167K [0x00000000a0000000, 0x00000000a2180000, 0x00000000e0000000)
  object space 34304K, 67% used [0x00000000a0000000,0x00000000a169fe50,0x00000000a2180000)
 Metaspace       used 45250K, capacity 46212K, committed 46552K, reserved 1089536K
  class space    used 6109K, capacity 6368K, committed 6400K, reserved 1048576K
}
Event: 101.185 GC heap before
{Heap before GC invocations=30 (full 2):
 PSYoungGen      total 26624K, used 22682K [0x00000000e0000000, 0x00000000e2580000, 0x0000000100000000)
  eden space 18944K, 100% used [0x00000000e0000000,0x00000000e1280000,0x00000000e1280000)
  from space 7680K, 48% used [0x00000000e1280000,0x00000000e1626b50,0x00000000e1a00000)
  to   space 7680K, 0% used [0x00000000e1e00000,0x00000000e1e00000,0x00000000e2580000)
 ParOldGen       total 34304K, used 23167K [0x00000000a0000000, 0x00000000a2180000, 0x00000000e0000000)
  object space 34304K, 67% used [0x00000000a0000000,0x00000000a169fe50,0x00000000a2180000)
 Metaspace       used 45450K, capacity 46476K, committed 46680K, reserved 1089536K
  class space    used 6140K, capacity 6436K, committed 6528K, reserved 1048576K
Event: 101.202 GC heap after
Heap after GC invocations=30 (full 2):
 PSYoungGen      total 30720K, used 1632K [0x00000000e0000000, 0x00000000e2680000, 0x0000000100000000)
  eden space 23040K, 0% used [0x00000000e0000000,0x00000000e0000000,0x00000000e1680000)
  from space 7680K, 21% used [0x00000000e1e00000,0x00000000e1f98000,0x00000000e2580000)
  to   space 7680K, 0% used [0x00000000e1680000,0x00000000e1680000,0x00000000e1e00000)
 ParOldGen       total 34304K, used 25951K [0x00000000a0000000, 0x00000000a2180000, 0x00000000e0000000)
  object space 34304K, 75% used [0x00000000a0000000,0x00000000a1957eb0,0x00000000a2180000)
 Metaspace       used 45450K, capacity 46476K, committed 46680K, reserved 1089536K
  class space    used 6140K, capacity 6436K, committed 6528K, reserved 1048576K
}

