# JRE version: OpenJDK Runtime Environment (8.0_202-b03) (build 1.8.0_202-release-1483-b03)
# Java VM: OpenJDK 64-Bit Server VM (25.202-b03 mixed mode windows-amd64 compressed oops)
Heap:
 PSYoungGen      total 34816K, used 27481K [0x00000000e0000000, 0x00000000e2700000, 0x0000000100000000)
  eden space 29696K, 92% used [0x00000000e0000000,0x00000000e1ad6768,0x00000000e1d00000)
  from space 5120K, 0% used [0x00000000e2200000,0x00000000e2200000,0x00000000e2700000)
  to   space 5120K, 0% used [0x00000000e1d00000,0x00000000e1d00000,0x00000000e2200000)
 ParOldGen       total 31232K, used 7843K [0x00000000a0000000, 0x00000000a1e80000, 0x00000000e0000000)
  object space 31232K, 25% used [0x00000000a0000000,0x00000000a07a8fe8,0x00000000a1e80000)
 Metaspace       used 25400K, capacity 25862K, committed 26240K, reserved 1071104K
  class space    used 3424K, capacity 3614K, committed 3712K, reserved 1048576K
GC Heap History (10 events):
Event: 3.148 GC heap before
{Heap before GC invocations=7 (full 0):
 PSYoungGen      total 19968K, used 19227K [0x00000000e0000000, 0x00000000e2900000, 0x0000000100000000)
  eden space 14848K, 100% used [0x00000000e0000000,0x00000000e0e80000,0x00000000e0e80000)
  from space 5120K, 85% used [0x00000000e1400000,0x00000000e1846c18,0x00000000e1900000)
  to   space 5632K, 0% used [0x00000000e0e80000,0x00000000e0e80000,0x00000000e1400000)
 ParOldGen       total 40960K, used 4171K [0x00000000a0000000, 0x00000000a2800000, 0x00000000e0000000)
  object space 40960K, 10% used [0x00000000a0000000,0x00000000a0412da8,0x00000000a2800000)
 Metaspace       used 14523K, capacity 14888K, committed 15104K, reserved 1062912K
  class space    used 2059K, capacity 2182K, committed 2304K, reserved 1048576K
Event: 3.157 GC heap after
Heap after GC invocations=7 (full 0):
 PSYoungGen      total 20480K, used 3342K [0x00000000e0000000, 0x00000000e2700000, 0x0000000100000000)
  eden space 14848K, 0% used [0x00000000e0000000,0x00000000e0000000,0x00000000e0e80000)
  from space 5632K, 59% used [0x00000000e0e80000,0x00000000e11c3ba0,0x00000000e1400000)
  to   space 5120K, 0% used [0x00000000e2200000,0x00000000e2200000,0x00000000e2700000)
 ParOldGen       total 40960K, used 5168K [0x00000000a0000000, 0x00000000a2800000, 0x00000000e0000000)
  object space 40960K, 12% used [0x00000000a0000000,0x00000000a050c200,0x00000000a2800000)
 Metaspace       used 14523K, capacity 14888K, committed 15104K, reserved 1062912K
  class space    used 2059K, capacity 2182K, committed 2304K, reserved 1048576K
}
Event: 3.437 GC heap before
{Heap before GC invocations=8 (full 0):
 PSYoungGen      total 20480K, used 18190K [0x00000000e0000000, 0x00000000e2700000, 0x0000000100000000)
  eden space 14848K, 100% used [0x00000000e0000000,0x00000000e0e80000,0x00000000e0e80000)
  from space 5632K, 59% used [0x00000000e0e80000,0x00000000e11c3ba0,0x00000000e1400000)
  to   space 5120K, 0% used [0x00000000e2200000,0x00000000e2200000,0x00000000e2700000)
 ParOldGen       total 40960K, used 5168K [0x00000000a0000000, 0x00000000a2800000, 0x00000000e0000000)
  object space 40960K, 12% used [0x00000000a0000000,0x00000000a050c200,0x00000000a2800000)
 Metaspace       used 16277K, capacity 16724K, committed 16896K, reserved 1062912K
  class space    used 2321K, capacity 2478K, committed 2560K, reserved 1048576K
Event: 3.443 GC heap after
Heap after GC invocations=8 (full 0):
 PSYoungGen      total 34816K, used 3702K [0x00000000e0000000, 0x00000000e2700000, 0x0000000100000000)
  eden space 29696K, 0% used [0x00000000e0000000,0x00000000e0000000,0x00000000e1d00000)
  from space 5120K, 72% used [0x00000000e2200000,0x00000000e259daf8,0x00000000e2700000)
  to   space 5120K, 0% used [0x00000000e1d00000,0x00000000e1d00000,0x00000000e2200000)
 ParOldGen       total 40960K, used 6048K [0x00000000a0000000, 0x00000000a2800000, 0x00000000e0000000)
  object space 40960K, 14% used [0x00000000a0000000,0x00000000a05e8220,0x00000000a2800000)
 Metaspace       used 16277K, capacity 16724K, committed 16896K, reserved 1062912K
  class space    used 2321K, capacity 2478K, committed 2560K, reserved 1048576K
}
Event: 4.258 GC heap before
{Heap before GC invocations=9 (full 0):
 PSYoungGen      total 34816K, used 33398K [0x00000000e0000000, 0x00000000e2700000, 0x0000000100000000)
  eden space 29696K, 100% used [0x00000000e0000000,0x00000000e1d00000,0x00000000e1d00000)
  from space 5120K, 72% used [0x00000000e2200000,0x00000000e259daf8,0x00000000e2700000)
  to   space 5120K, 0% used [0x00000000e1d00000,0x00000000e1d00000,0x00000000e2200000)
 ParOldGen       total 40960K, used 6048K [0x00000000a0000000, 0x00000000a2800000, 0x00000000e0000000)
  object space 40960K, 14% used [0x00000000a0000000,0x00000000a05e8220,0x00000000a2800000)
 Metaspace       used 18947K, capacity 19328K, committed 19584K, reserved 1067008K
  class space    used 2757K, capacity 2870K, committed 2944K, reserved 1048576K
Event: 4.264 GC heap after
Heap after GC invocations=9 (full 0):
 PSYoungGen      total 34816K, used 4396K [0x00000000e0000000, 0x00000000e2700000, 0x0000000100000000)
  eden space 29696K, 0% used [0x00000000e0000000,0x00000000e0000000,0x00000000e1d00000)
  from space 5120K, 85% used [0x00000000e1d00000,0x00000000e214b150,0x00000000e2200000)
  to   space 5120K, 0% used [0x00000000e2200000,0x00000000e2200000,0x00000000e2700000)
 ParOldGen       total 40960K, used 6972K [0x00000000a0000000, 0x00000000a2800000, 0x00000000e0000000)
  object space 40960K, 17% used [0x00000000a0000000,0x00000000a06cf118,0x00000000a2800000)
 Metaspace       used 18947K, capacity 19328K, committed 19584K, reserved 1067008K
  class space    used 2757K, capacity 2870K, committed 2944K, reserved 1048576K
}
Event: 4.439 GC heap before
{Heap before GC invocations=10 (full 0):
 PSYoungGen      total 34816K, used 15293K [0x00000000e0000000, 0x00000000e2700000, 0x0000000100000000)
  eden space 29696K, 36% used [0x00000000e0000000,0x00000000e0aa42f0,0x00000000e1d00000)
  from space 5120K, 85% used [0x00000000e1d00000,0x00000000e214b150,0x00000000e2200000)
  to   space 5120K, 0% used [0x00000000e2200000,0x00000000e2200000,0x00000000e2700000)
 ParOldGen       total 40960K, used 6972K [0x00000000a0000000, 0x00000000a2800000, 0x00000000e0000000)
  object space 40960K, 17% used [0x00000000a0000000,0x00000000a06cf118,0x00000000a2800000)
 Metaspace       used 20755K, capacity 21120K, committed 21248K, reserved 1067008K
  class space    used 2917K, capacity 3062K, committed 3072K, reserved 1048576K
Event: 4.443 GC heap after
Heap after GC invocations=10 (full 0):
 PSYoungGen      total 34816K, used 2977K [0x00000000e0000000, 0x00000000e2700000, 0x0000000100000000)
  eden space 29696K, 0% used [0x00000000e0000000,0x00000000e0000000,0x00000000e1d00000)
  from space 5120K, 58% used [0x00000000e2200000,0x00000000e24e8518,0x00000000e2700000)
  to   space 5120K, 0% used [0x00000000e1d00000,0x00000000e1d00000,0x00000000e2200000)
 ParOldGen       total 40960K, used 8038K [0x00000000a0000000, 0x00000000a2800000, 0x00000000e0000000)
  object space 40960K, 19% used [0x00000000a0000000,0x00000000a07d9b20,0x00000000a2800000)
 Metaspace       used 20755K, capacity 21120K, committed 21248K, reserved 1067008K
  class space    used 2917K, capacity 3062K, committed 3072K, reserved 1048576K
}
Event: 4.443 GC heap before
{Heap before GC invocations=11 (full 1):
 PSYoungGen      total 34816K, used 2977K [0x00000000e0000000, 0x00000000e2700000, 0x0000000100000000)
  eden space 29696K, 0% used [0x00000000e0000000,0x00000000e0000000,0x00000000e1d00000)
  from space 5120K, 58% used [0x00000000e2200000,0x00000000e24e8518,0x00000000e2700000)
  to   space 5120K, 0% used [0x00000000e1d00000,0x00000000e1d00000,0x00000000e2200000)
 ParOldGen       total 40960K, used 8038K [0x00000000a0000000, 0x00000000a2800000, 0x00000000e0000000)
  object space 40960K, 19% used [0x00000000a0000000,0x00000000a07d9b20,0x00000000a2800000)
 Metaspace       used 20755K, capacity 21120K, committed 21248K, reserved 1067008K
  class space    used 2917K, capacity 3062K, committed 3072K, reserved 1048576K
Event: 4.496 GC heap after
Heap after GC invocations=11 (full 1):
 PSYoungGen      total 34816K, used 0K [0x00000000e0000000, 0x00000000e2700000, 0x0000000100000000)
  eden space 29696K, 0% used [0x00000000e0000000,0x00000000e0000000,0x00000000e1d00000)
  from space 5120K, 0% used [0x00000000e2200000,0x00000000e2200000,0x00000000e2700000)
  to   space 5120K, 0% used [0x00000000e1d00000,0x00000000e1d00000,0x00000000e2200000)
 ParOldGen       total 31232K, used 7843K [0x00000000a0000000, 0x00000000a1e80000, 0x00000000e0000000)
  object space 31232K, 25% used [0x00000000a0000000,0x00000000a07a8fe8,0x00000000a1e80000)
 Metaspace       used 20755K, capacity 21120K, committed 21248K, reserved 1067008K
  class space    used 2917K, capacity 3062K, committed 3072K, reserved 1048576K
}

